{"C:\\Users\\Dante\\Documents\\JavaScript\\webpack-todolist\\src\\checkboxes.js": {"path":"C:\\Users\\Dante\\Documents\\JavaScript\\webpack-todolist\\src\\checkboxes.js","statementMap":{"0":{"start":{"line":4,"column":22},"end":{"line":14,"column":1}},"1":{"start":{"line":6,"column":16},"end":{"line":6,"column":32}},"2":{"start":{"line":8,"column":22},"end":{"line":8,"column":43}},"3":{"start":{"line":9,"column":2},"end":{"line":9,"column":32}},"4":{"start":{"line":10,"column":2},"end":{"line":10,"column":38}},"5":{"start":{"line":13,"column":2},"end":{"line":13,"column":24}}},"fnMap":{"0":{"name":"(anonymous_0)","decl":{"start":{"line":4,"column":22},"end":{"line":4,"column":23}},"loc":{"start":{"line":4,"column":49},"end":{"line":14,"column":1}},"line":4}},"branchMap":{},"s":{"0":1,"1":0,"2":0,"3":0,"4":0,"5":0},"f":{"0":0},"b":{},"_coverageSchema":"1a1c01bbd47fc00a2c39e90264f33305004495a9","hash":"0ef3b02ed3c9b594466d85bb32d2a6d5b7f706b7"}
,"C:\\Users\\Dante\\Documents\\JavaScript\\webpack-todolist\\src\\clearCompleted.js": {"path":"C:\\Users\\Dante\\Documents\\JavaScript\\webpack-todolist\\src\\clearCompleted.js","statementMap":{"0":{"start":{"line":8,"column":16},"end":{"line":8,"column":32}},"1":{"start":{"line":11,"column":27},"end":{"line":11,"column":59}},"2":{"start":{"line":13,"column":2},"end":{"line":13,"column":35}}},"fnMap":{"0":{"name":"clearCompleted","decl":{"start":{"line":6,"column":24},"end":{"line":6,"column":38}},"loc":{"start":{"line":6,"column":41},"end":{"line":14,"column":1}},"line":6}},"branchMap":{},"s":{"0":0,"1":0,"2":0},"f":{"0":0},"b":{},"_coverageSchema":"1a1c01bbd47fc00a2c39e90264f33305004495a9","hash":"4bf5a53fa4e16355e6daea0c2ceeb1ca90b343f9"}
,"C:\\Users\\Dante\\Documents\\JavaScript\\webpack-todolist\\src\\isCompleted.js": {"path":"C:\\Users\\Dante\\Documents\\JavaScript\\webpack-todolist\\src\\isCompleted.js","statementMap":{"0":{"start":{"line":4,"column":2},"end":{"line":4,"column":25}}},"fnMap":{"0":{"name":"returnsUncompleted","decl":{"start":{"line":3,"column":24},"end":{"line":3,"column":42}},"loc":{"start":{"line":3,"column":49},"end":{"line":5,"column":1}},"line":3}},"branchMap":{},"s":{"0":0},"f":{"0":0},"b":{},"_coverageSchema":"1a1c01bbd47fc00a2c39e90264f33305004495a9","hash":"6fb69b0495fba466a6d1ab5e491ab51dcca73bab"}
,"C:\\Users\\Dante\\Documents\\JavaScript\\webpack-todolist\\src\\removeTask.js": {"path":"C:\\Users\\Dante\\Documents\\JavaScript\\webpack-todolist\\src\\removeTask.js","statementMap":{"0":{"start":{"line":7,"column":2},"end":{"line":13,"column":3}},"1":{"start":{"line":8,"column":18},"end":{"line":8,"column":34}},"2":{"start":{"line":10,"column":4},"end":{"line":10,"column":27}},"3":{"start":{"line":12,"column":4},"end":{"line":12,"column":26}}},"fnMap":{"0":{"name":"removeCompleted","decl":{"start":{"line":5,"column":24},"end":{"line":5,"column":39}},"loc":{"start":{"line":5,"column":47},"end":{"line":14,"column":1}},"line":5}},"branchMap":{"0":{"loc":{"start":{"line":7,"column":2},"end":{"line":13,"column":3}},"type":"if","locations":[{"start":{"line":7,"column":2},"end":{"line":13,"column":3}},{"start":{"line":7,"column":2},"end":{"line":13,"column":3}}],"line":7}},"s":{"0":0,"1":0,"2":0,"3":0},"f":{"0":0},"b":{"0":[0,0]},"_coverageSchema":"1a1c01bbd47fc00a2c39e90264f33305004495a9","hash":"45dfeaf3b9684f2bfb6845d8c7abc590b8adb3ef"}
,"C:\\Users\\Dante\\Documents\\JavaScript\\webpack-todolist\\src\\store.js": {"path":"C:\\Users\\Dante\\Documents\\JavaScript\\webpack-todolist\\src\\store.js","statementMap":{"0":{"start":{"line":6,"column":4},"end":{"line":10,"column":5}},"1":{"start":{"line":7,"column":6},"end":{"line":7,"column":17}},"2":{"start":{"line":9,"column":6},"end":{"line":9,"column":56}},"3":{"start":{"line":12,"column":4},"end":{"line":12,"column":17}},"4":{"start":{"line":16,"column":4},"end":{"line":16,"column":57}},"5":{"start":{"line":20,"column":4},"end":{"line":25,"column":5}},"6":{"start":{"line":22,"column":20},"end":{"line":22,"column":35}},"7":{"start":{"line":23,"column":6},"end":{"line":23,"column":23}},"8":{"start":{"line":24,"column":6},"end":{"line":24,"column":27}},"9":{"start":{"line":31,"column":4},"end":{"line":35,"column":5}},"10":{"start":{"line":32,"column":6},"end":{"line":32,"column":16}},"11":{"start":{"line":34,"column":6},"end":{"line":34,"column":56}},"12":{"start":{"line":37,"column":4},"end":{"line":37,"column":17}},"13":{"start":{"line":42,"column":16},"end":{"line":42,"column":36}},"14":{"start":{"line":43,"column":4},"end":{"line":43,"column":15}},"15":{"start":{"line":44,"column":4},"end":{"line":44,"column":57}}},"fnMap":{"0":{"name":"(anonymous_0)","decl":{"start":{"line":4,"column":2},"end":{"line":4,"column":3}},"loc":{"start":{"line":4,"column":20},"end":{"line":13,"column":3}},"line":4},"1":{"name":"(anonymous_1)","decl":{"start":{"line":15,"column":2},"end":{"line":15,"column":3}},"loc":{"start":{"line":15,"column":25},"end":{"line":17,"column":3}},"line":15},"2":{"name":"(anonymous_2)","decl":{"start":{"line":19,"column":2},"end":{"line":19,"column":3}},"loc":{"start":{"line":19,"column":23},"end":{"line":26,"column":3}},"line":19},"3":{"name":"(anonymous_3)","decl":{"start":{"line":29,"column":2},"end":{"line":29,"column":3}},"loc":{"start":{"line":29,"column":25},"end":{"line":38,"column":3}},"line":29},"4":{"name":"(anonymous_4)","decl":{"start":{"line":41,"column":2},"end":{"line":41,"column":3}},"loc":{"start":{"line":41,"column":33},"end":{"line":45,"column":3}},"line":41}},"branchMap":{"0":{"loc":{"start":{"line":6,"column":4},"end":{"line":10,"column":5}},"type":"if","locations":[{"start":{"line":6,"column":4},"end":{"line":10,"column":5}},{"start":{"line":6,"column":4},"end":{"line":10,"column":5}}],"line":6},"1":{"loc":{"start":{"line":20,"column":4},"end":{"line":25,"column":5}},"type":"if","locations":[{"start":{"line":20,"column":4},"end":{"line":25,"column":5}},{"start":{"line":20,"column":4},"end":{"line":25,"column":5}}],"line":20},"2":{"loc":{"start":{"line":20,"column":8},"end":{"line":21,"column":33}},"type":"binary-expr","locations":[{"start":{"line":20,"column":8},"end":{"line":20,"column":38}},{"start":{"line":20,"column":42},"end":{"line":20,"column":70}},{"start":{"line":21,"column":9},"end":{"line":21,"column":33}}],"line":20},"3":{"loc":{"start":{"line":31,"column":4},"end":{"line":35,"column":5}},"type":"if","locations":[{"start":{"line":31,"column":4},"end":{"line":35,"column":5}},{"start":{"line":31,"column":4},"end":{"line":35,"column":5}}],"line":31}},"s":{"0":6,"1":2,"2":4,"3":6,"4":2,"5":4,"6":2,"7":2,"8":2,"9":0,"10":0,"11":0,"12":0,"13":0,"14":0,"15":0},"f":{"0":6,"1":2,"2":4,"3":0,"4":0},"b":{"0":[2,4],"1":[2,2],"2":[4,3,2],"3":[0,0]},"_coverageSchema":"1a1c01bbd47fc00a2c39e90264f33305004495a9","hash":"1908ebbdcf0979cd5064307f7230b6add6361b46"}
,"C:\\Users\\Dante\\Documents\\JavaScript\\webpack-todolist\\src\\task.js": {"path":"C:\\Users\\Dante\\Documents\\JavaScript\\webpack-todolist\\src\\task.js","statementMap":{"0":{"start":{"line":4,"column":4},"end":{"line":4,"column":35}},"1":{"start":{"line":5,"column":4},"end":{"line":5,"column":31}},"2":{"start":{"line":6,"column":4},"end":{"line":6,"column":23}},"3":{"start":{"line":10,"column":16},"end":{"line":10,"column":107}},"4":{"start":{"line":11,"column":4},"end":{"line":11,"column":15}}},"fnMap":{"0":{"name":"(anonymous_0)","decl":{"start":{"line":3,"column":2},"end":{"line":3,"column":3}},"loc":{"start":{"line":3,"column":45},"end":{"line":7,"column":3}},"line":3},"1":{"name":"(anonymous_1)","decl":{"start":{"line":9,"column":2},"end":{"line":9,"column":3}},"loc":{"start":{"line":9,"column":16},"end":{"line":12,"column":3}},"line":9}},"branchMap":{},"s":{"0":4,"1":4,"2":4,"3":0,"4":0},"f":{"0":4,"1":0},"b":{},"_coverageSchema":"1a1c01bbd47fc00a2c39e90264f33305004495a9","hash":"be487db8f49801e5dd5b4ca6eed434fdb4a0eafd"}
,"C:\\Users\\Dante\\Documents\\JavaScript\\webpack-todolist\\src\\ui.js": {"path":"C:\\Users\\Dante\\Documents\\JavaScript\\webpack-todolist\\src\\ui.js","statementMap":{"0":{"start":{"line":11,"column":4},"end":{"line":11,"column":20}},"1":{"start":{"line":12,"column":4},"end":{"line":12,"column":19}},"2":{"start":{"line":13,"column":4},"end":{"line":13,"column":22}},"3":{"start":{"line":14,"column":18},"end":{"line":14,"column":34}},"4":{"start":{"line":15,"column":4},"end":{"line":15,"column":27}},"5":{"start":{"line":16,"column":4},"end":{"line":16,"column":24}},"6":{"start":{"line":20,"column":19},"end":{"line":20,"column":52}},"7":{"start":{"line":22,"column":22},"end":{"line":22,"column":51}},"8":{"start":{"line":23,"column":4},"end":{"line":23,"column":112}},"9":{"start":{"line":25,"column":18},"end":{"line":25,"column":45}},"10":{"start":{"line":26,"column":4},"end":{"line":26,"column":33}},"11":{"start":{"line":27,"column":4},"end":{"line":27,"column":38}},"12":{"start":{"line":29,"column":17},"end":{"line":29,"column":47}},"13":{"start":{"line":30,"column":4},"end":{"line":30,"column":51}},"14":{"start":{"line":32,"column":4},"end":{"line":32,"column":33}},"15":{"start":{"line":33,"column":4},"end":{"line":33,"column":32}},"16":{"start":{"line":35,"column":4},"end":{"line":35,"column":34}},"17":{"start":{"line":39,"column":19},"end":{"line":39,"column":52}},"18":{"start":{"line":41,"column":21},"end":{"line":41,"column":50}},"19":{"start":{"line":42,"column":17},"end":{"line":42,"column":47}},"20":{"start":{"line":43,"column":4},"end":{"line":43,"column":107}},"21":{"start":{"line":44,"column":4},"end":{"line":44,"column":27}},"22":{"start":{"line":45,"column":4},"end":{"line":45,"column":28}},"23":{"start":{"line":47,"column":18},"end":{"line":47,"column":49}},"24":{"start":{"line":48,"column":4},"end":{"line":48,"column":24}},"25":{"start":{"line":49,"column":4},"end":{"line":49,"column":26}},"26":{"start":{"line":50,"column":4},"end":{"line":50,"column":46}},"27":{"start":{"line":51,"column":4},"end":{"line":51,"column":61}},"28":{"start":{"line":53,"column":17},"end":{"line":53,"column":47}},"29":{"start":{"line":54,"column":4},"end":{"line":54,"column":54}},"30":{"start":{"line":56,"column":20},"end":{"line":56,"column":47}},"31":{"start":{"line":57,"column":4},"end":{"line":57,"column":49}},"32":{"start":{"line":59,"column":4},"end":{"line":59,"column":28}},"33":{"start":{"line":60,"column":4},"end":{"line":60,"column":30}},"34":{"start":{"line":61,"column":4},"end":{"line":61,"column":30}},"35":{"start":{"line":62,"column":4},"end":{"line":62,"column":31}},"36":{"start":{"line":64,"column":4},"end":{"line":64,"column":33}},"37":{"start":{"line":68,"column":19},"end":{"line":68,"column":52}},"38":{"start":{"line":70,"column":21},"end":{"line":70,"column":50}},"39":{"start":{"line":71,"column":17},"end":{"line":71,"column":45}},"40":{"start":{"line":72,"column":4},"end":{"line":72,"column":26}},"41":{"start":{"line":73,"column":4},"end":{"line":73,"column":31}},"42":{"start":{"line":74,"column":4},"end":{"line":74,"column":31}},"43":{"start":{"line":76,"column":4},"end":{"line":76,"column":33}},"44":{"start":{"line":81,"column":4},"end":{"line":85,"column":5}},"45":{"start":{"line":82,"column":6},"end":{"line":82,"column":33}},"46":{"start":{"line":84,"column":6},"end":{"line":84,"column":56}},"47":{"start":{"line":84,"column":30},"end":{"line":84,"column":54}},"48":{"start":{"line":89,"column":17},"end":{"line":89,"column":53}},"49":{"start":{"line":91,"column":17},"end":{"line":91,"column":45}},"50":{"start":{"line":92,"column":4},"end":{"line":92,"column":108}},"51":{"start":{"line":94,"column":14},"end":{"line":94,"column":41}},"52":{"start":{"line":95,"column":4},"end":{"line":95,"column":36}},"53":{"start":{"line":96,"column":4},"end":{"line":96,"column":41}},"54":{"start":{"line":98,"column":4},"end":{"line":98,"column":24}},"55":{"start":{"line":99,"column":4},"end":{"line":99,"column":27}},"56":{"start":{"line":103,"column":17},"end":{"line":103,"column":53}},"57":{"start":{"line":105,"column":17},"end":{"line":105,"column":45}},"58":{"start":{"line":106,"column":4},"end":{"line":106,"column":108}},"59":{"start":{"line":109,"column":22},"end":{"line":109,"column":51}},"60":{"start":{"line":110,"column":4},"end":{"line":110,"column":65}},"61":{"start":{"line":112,"column":21},"end":{"line":112,"column":52}},"62":{"start":{"line":113,"column":4},"end":{"line":113,"column":46}},"63":{"start":{"line":114,"column":4},"end":{"line":114,"column":38}},"64":{"start":{"line":115,"column":4},"end":{"line":115,"column":48}},"65":{"start":{"line":116,"column":4},"end":{"line":116,"column":36}},"66":{"start":{"line":118,"column":17},"end":{"line":118,"column":44}},"67":{"start":{"line":119,"column":4},"end":{"line":119,"column":40}},"68":{"start":{"line":120,"column":4},"end":{"line":120,"column":31}},"69":{"start":{"line":121,"column":4},"end":{"line":123,"column":5}},"70":{"start":{"line":122,"column":6},"end":{"line":122,"column":57}},"71":{"start":{"line":124,"column":4},"end":{"line":124,"column":32}},"72":{"start":{"line":127,"column":20},"end":{"line":127,"column":49}},"73":{"start":{"line":128,"column":4},"end":{"line":128,"column":71}},"74":{"start":{"line":130,"column":22},"end":{"line":130,"column":53}},"75":{"start":{"line":131,"column":4},"end":{"line":131,"column":43}},"76":{"start":{"line":132,"column":4},"end":{"line":132,"column":54}},"77":{"start":{"line":133,"column":4},"end":{"line":133,"column":39}},"78":{"start":{"line":135,"column":4},"end":{"line":135,"column":35}},"79":{"start":{"line":138,"column":22},"end":{"line":138,"column":51}},"80":{"start":{"line":139,"column":4},"end":{"line":139,"column":36}},"81":{"start":{"line":141,"column":21},"end":{"line":141,"column":48}},"82":{"start":{"line":142,"column":4},"end":{"line":142,"column":56}},"83":{"start":{"line":143,"column":4},"end":{"line":143,"column":36}},"84":{"start":{"line":145,"column":23},"end":{"line":145,"column":50}},"85":{"start":{"line":146,"column":4},"end":{"line":146,"column":70}},"86":{"start":{"line":147,"column":4},"end":{"line":147,"column":38}},"87":{"start":{"line":149,"column":23},"end":{"line":149,"column":50}},"88":{"start":{"line":150,"column":4},"end":{"line":150,"column":63}},"89":{"start":{"line":151,"column":4},"end":{"line":151,"column":38}},"90":{"start":{"line":153,"column":4},"end":{"line":153,"column":32}},"91":{"start":{"line":154,"column":4},"end":{"line":154,"column":30}},"92":{"start":{"line":155,"column":4},"end":{"line":155,"column":32}},"93":{"start":{"line":157,"column":4},"end":{"line":157,"column":27}},"94":{"start":{"line":161,"column":19},"end":{"line":161,"column":52}},"95":{"start":{"line":163,"column":19},"end":{"line":163,"column":48}},"96":{"start":{"line":164,"column":4},"end":{"line":164,"column":97}},"97":{"start":{"line":166,"column":17},"end":{"line":166,"column":44}},"98":{"start":{"line":167,"column":4},"end":{"line":167,"column":45}},"99":{"start":{"line":168,"column":4},"end":{"line":168,"column":35}},"100":{"start":{"line":169,"column":4},"end":{"line":169,"column":21}},"101":{"start":{"line":171,"column":4},"end":{"line":171,"column":29}},"102":{"start":{"line":172,"column":4},"end":{"line":172,"column":31}},"103":{"start":{"line":177,"column":18},"end":{"line":177,"column":39}},"104":{"start":{"line":179,"column":17},"end":{"line":179,"column":52}},"105":{"start":{"line":182,"column":4},"end":{"line":182,"column":24}},"106":{"start":{"line":183,"column":4},"end":{"line":183,"column":34}},"107":{"start":{"line":186,"column":4},"end":{"line":186,"column":22}},"108":{"start":{"line":190,"column":4},"end":{"line":190,"column":51}},"109":{"start":{"line":194,"column":4},"end":{"line":194,"column":32}},"110":{"start":{"line":198,"column":20},"end":{"line":198,"column":32}},"111":{"start":{"line":199,"column":4},"end":{"line":199,"column":60}},"112":{"start":{"line":200,"column":4},"end":{"line":200,"column":29}},"113":{"start":{"line":201,"column":23},"end":{"line":201,"column":34}},"114":{"start":{"line":204,"column":23},"end":{"line":204,"column":36}},"115":{"start":{"line":205,"column":20},"end":{"line":205,"column":40}},"116":{"start":{"line":206,"column":4},"end":{"line":206,"column":54}},"117":{"start":{"line":207,"column":4},"end":{"line":207,"column":37}},"118":{"start":{"line":209,"column":21},"end":{"line":209,"column":34}},"119":{"start":{"line":210,"column":19},"end":{"line":210,"column":37}},"120":{"start":{"line":211,"column":4},"end":{"line":211,"column":52}},"121":{"start":{"line":212,"column":4},"end":{"line":212,"column":34}},"122":{"start":{"line":215,"column":21},"end":{"line":215,"column":34}},"123":{"start":{"line":216,"column":18},"end":{"line":216,"column":35}},"124":{"start":{"line":217,"column":4},"end":{"line":217,"column":37}},"125":{"start":{"line":218,"column":4},"end":{"line":218,"column":54}},"126":{"start":{"line":219,"column":4},"end":{"line":219,"column":54}},"127":{"start":{"line":222,"column":22},"end":{"line":222,"column":53}},"128":{"start":{"line":223,"column":4},"end":{"line":223,"column":31}},"129":{"start":{"line":224,"column":4},"end":{"line":224,"column":22}},"130":{"start":{"line":228,"column":22},"end":{"line":228,"column":36}},"131":{"start":{"line":229,"column":4},"end":{"line":229,"column":58}},"132":{"start":{"line":230,"column":4},"end":{"line":230,"column":33}},"133":{"start":{"line":234,"column":4},"end":{"line":234,"column":22}},"134":{"start":{"line":238,"column":4},"end":{"line":238,"column":31}},"135":{"start":{"line":242,"column":4},"end":{"line":242,"column":21}}},"fnMap":{"0":{"name":"(anonymous_0)","decl":{"start":{"line":10,"column":2},"end":{"line":10,"column":3}},"loc":{"start":{"line":10,"column":18},"end":{"line":17,"column":3}},"line":10},"1":{"name":"(anonymous_1)","decl":{"start":{"line":19,"column":2},"end":{"line":19,"column":3}},"loc":{"start":{"line":19,"column":20},"end":{"line":36,"column":3}},"line":19},"2":{"name":"(anonymous_2)","decl":{"start":{"line":38,"column":2},"end":{"line":38,"column":3}},"loc":{"start":{"line":38,"column":19},"end":{"line":65,"column":3}},"line":38},"3":{"name":"(anonymous_3)","decl":{"start":{"line":67,"column":2},"end":{"line":67,"column":3}},"loc":{"start":{"line":67,"column":22},"end":{"line":77,"column":3}},"line":67},"4":{"name":"(anonymous_4)","decl":{"start":{"line":79,"column":2},"end":{"line":79,"column":3}},"loc":{"start":{"line":79,"column":27},"end":{"line":86,"column":3}},"line":79},"5":{"name":"(anonymous_5)","decl":{"start":{"line":84,"column":20},"end":{"line":84,"column":21}},"loc":{"start":{"line":84,"column":30},"end":{"line":84,"column":54}},"line":84},"6":{"name":"(anonymous_6)","decl":{"start":{"line":88,"column":2},"end":{"line":88,"column":3}},"loc":{"start":{"line":88,"column":31},"end":{"line":100,"column":3}},"line":88},"7":{"name":"(anonymous_7)","decl":{"start":{"line":102,"column":2},"end":{"line":102,"column":3}},"loc":{"start":{"line":102,"column":29},"end":{"line":158,"column":3}},"line":102},"8":{"name":"(anonymous_8)","decl":{"start":{"line":160,"column":2},"end":{"line":160,"column":3}},"loc":{"start":{"line":160,"column":24},"end":{"line":173,"column":3}},"line":160},"9":{"name":"(anonymous_9)","decl":{"start":{"line":175,"column":2},"end":{"line":175,"column":3}},"loc":{"start":{"line":175,"column":35},"end":{"line":187,"column":3}},"line":175},"10":{"name":"(anonymous_10)","decl":{"start":{"line":189,"column":2},"end":{"line":189,"column":3}},"loc":{"start":{"line":189,"column":22},"end":{"line":191,"column":3}},"line":189},"11":{"name":"(anonymous_11)","decl":{"start":{"line":193,"column":2},"end":{"line":193,"column":3}},"loc":{"start":{"line":193,"column":37},"end":{"line":195,"column":3}},"line":193},"12":{"name":"(anonymous_12)","decl":{"start":{"line":197,"column":2},"end":{"line":197,"column":3}},"loc":{"start":{"line":197,"column":32},"end":{"line":225,"column":3}},"line":197},"13":{"name":"(anonymous_13)","decl":{"start":{"line":227,"column":2},"end":{"line":227,"column":3}},"loc":{"start":{"line":227,"column":56},"end":{"line":231,"column":3}},"line":227},"14":{"name":"(anonymous_14)","decl":{"start":{"line":233,"column":2},"end":{"line":233,"column":3}},"loc":{"start":{"line":233,"column":27},"end":{"line":235,"column":3}},"line":233},"15":{"name":"(anonymous_15)","decl":{"start":{"line":237,"column":2},"end":{"line":237,"column":3}},"loc":{"start":{"line":237,"column":36},"end":{"line":239,"column":3}},"line":237},"16":{"name":"(anonymous_16)","decl":{"start":{"line":241,"column":2},"end":{"line":241,"column":3}},"loc":{"start":{"line":241,"column":26},"end":{"line":243,"column":3}},"line":241}},"branchMap":{"0":{"loc":{"start":{"line":81,"column":4},"end":{"line":85,"column":5}},"type":"if","locations":[{"start":{"line":81,"column":4},"end":{"line":85,"column":5}},{"start":{"line":81,"column":4},"end":{"line":85,"column":5}}],"line":81},"1":{"loc":{"start":{"line":121,"column":4},"end":{"line":123,"column":5}},"type":"if","locations":[{"start":{"line":121,"column":4},"end":{"line":123,"column":5}},{"start":{"line":121,"column":4},"end":{"line":123,"column":5}}],"line":121}},"s":{"0":0,"1":0,"2":0,"3":0,"4":0,"5":0,"6":0,"7":0,"8":0,"9":0,"10":0,"11":0,"12":0,"13":0,"14":0,"15":0,"16":0,"17":0,"18":0,"19":0,"20":0,"21":0,"22":0,"23":0,"24":0,"25":0,"26":0,"27":0,"28":0,"29":0,"30":0,"31":0,"32":0,"33":0,"34":0,"35":0,"36":0,"37":0,"38":0,"39":0,"40":0,"41":0,"42":0,"43":0,"44":0,"45":0,"46":0,"47":0,"48":0,"49":0,"50":0,"51":0,"52":0,"53":0,"54":0,"55":0,"56":0,"57":0,"58":0,"59":0,"60":0,"61":0,"62":0,"63":0,"64":0,"65":0,"66":0,"67":0,"68":0,"69":0,"70":0,"71":0,"72":0,"73":0,"74":0,"75":0,"76":0,"77":0,"78":0,"79":0,"80":0,"81":0,"82":0,"83":0,"84":0,"85":0,"86":0,"87":0,"88":0,"89":0,"90":0,"91":0,"92":0,"93":0,"94":0,"95":0,"96":0,"97":0,"98":0,"99":0,"100":0,"101":0,"102":0,"103":0,"104":0,"105":0,"106":0,"107":0,"108":0,"109":0,"110":0,"111":0,"112":0,"113":0,"114":0,"115":0,"116":0,"117":0,"118":0,"119":0,"120":0,"121":0,"122":0,"123":0,"124":0,"125":0,"126":0,"127":0,"128":0,"129":0,"130":0,"131":0,"132":0,"133":0,"134":0,"135":0},"f":{"0":0,"1":0,"2":0,"3":0,"4":0,"5":0,"6":0,"7":0,"8":0,"9":0,"10":0,"11":0,"12":0,"13":0,"14":0,"15":0,"16":0},"b":{"0":[0,0],"1":[0,0]},"_coverageSchema":"1a1c01bbd47fc00a2c39e90264f33305004495a9","hash":"81c3ee80e4537ce7bd097a85a4444ad387a88fda"}
,"C:\\Users\\Dante\\Documents\\JavaScript\\webpack-todolist\\src\\updateTask.js": {"path":"C:\\Users\\Dante\\Documents\\JavaScript\\webpack-todolist\\src\\updateTask.js","statementMap":{"0":{"start":{"line":7,"column":16},"end":{"line":7,"column":32}},"1":{"start":{"line":9,"column":2},"end":{"line":9,"column":37}},"2":{"start":{"line":11,"column":2},"end":{"line":11,"column":24}}},"fnMap":{"0":{"name":"updateTask","decl":{"start":{"line":5,"column":24},"end":{"line":5,"column":34}},"loc":{"start":{"line":5,"column":51},"end":{"line":12,"column":1}},"line":5}},"branchMap":{},"s":{"0":0,"1":0,"2":0},"f":{"0":0},"b":{},"_coverageSchema":"1a1c01bbd47fc00a2c39e90264f33305004495a9","hash":"2db8ba8511b6090614cd2ab3972627e9cd0c17b5"}
}
