TN:
SF:src\checkboxes.js
FN:4,(anonymous_0)
FNF:1
FNH:0
FNDA:0,(anonymous_0)
DA:4,1
DA:6,0
DA:8,0
DA:9,0
DA:10,0
DA:13,0
LF:6
LH:1
BRF:0
BRH:0
end_of_record
TN:
SF:src\clearCompleted.js
FN:6,clearCompleted
FNF:1
FNH:0
FNDA:0,clearCompleted
DA:8,0
DA:11,0
DA:13,0
LF:3
LH:0
BRF:0
BRH:0
end_of_record
TN:
SF:src\isCompleted.js
FN:3,returnsUncompleted
FNF:1
FNH:0
FNDA:0,returnsUncompleted
DA:4,0
LF:1
LH:0
BRF:0
BRH:0
end_of_record
TN:
SF:src\removeTask.js
FN:5,removeCompleted
FNF:1
FNH:1
FNDA:7,removeCompleted
DA:7,7
DA:8,5
DA:10,5
DA:12,5
LF:4
LH:4
BRDA:7,0,0,5
BRDA:7,0,1,2
BRF:2
BRH:2
end_of_record
TN:
SF:src\store.js
FN:4,(anonymous_0)
FN:15,(anonymous_1)
FN:19,(anonymous_2)
FN:29,(anonymous_3)
FN:41,(anonymous_4)
FNF:5
FNH:3
FNDA:29,(anonymous_0)
FNDA:9,(anonymous_1)
FNDA:6,(anonymous_2)
FNDA:0,(anonymous_3)
FNDA:0,(anonymous_4)
DA:6,29
DA:7,2
DA:9,27
DA:12,29
DA:16,9
DA:20,6
DA:22,4
DA:23,4
DA:24,4
DA:31,0
DA:32,0
DA:34,0
DA:37,0
DA:42,0
DA:43,0
DA:44,0
LF:16
LH:9
BRDA:6,0,0,2
BRDA:6,0,1,27
BRDA:20,1,0,4
BRDA:20,1,1,2
BRDA:20,2,0,6
BRDA:20,2,1,5
BRDA:20,2,2,4
BRDA:31,3,0,0
BRDA:31,3,1,0
BRF:9
BRH:7
end_of_record
TN:
SF:src\task.js
FN:3,(anonymous_0)
FN:9,(anonymous_1)
FNF:2
FNH:1
FNDA:6,(anonymous_0)
FNDA:0,(anonymous_1)
DA:4,6
DA:5,6
DA:6,6
DA:10,0
DA:11,0
LF:5
LH:3
BRF:0
BRH:0
end_of_record
TN:
SF:src\ui.js
FN:10,(anonymous_0)
FN:19,(anonymous_1)
FN:38,(anonymous_2)
FN:67,(anonymous_3)
FN:79,(anonymous_4)
FN:84,(anonymous_5)
FN:88,(anonymous_6)
FN:102,(anonymous_7)
FN:160,(anonymous_8)
FN:175,(anonymous_9)
FN:189,(anonymous_10)
FN:193,(anonymous_11)
FN:197,(anonymous_12)
FN:227,(anonymous_13)
FN:233,(anonymous_14)
FN:237,(anonymous_15)
FN:241,(anonymous_16)
FNF:17
FNH:0
FNDA:0,(anonymous_0)
FNDA:0,(anonymous_1)
FNDA:0,(anonymous_2)
FNDA:0,(anonymous_3)
FNDA:0,(anonymous_4)
FNDA:0,(anonymous_5)
FNDA:0,(anonymous_6)
FNDA:0,(anonymous_7)
FNDA:0,(anonymous_8)
FNDA:0,(anonymous_9)
FNDA:0,(anonymous_10)
FNDA:0,(anonymous_11)
FNDA:0,(anonymous_12)
FNDA:0,(anonymous_13)
FNDA:0,(anonymous_14)
FNDA:0,(anonymous_15)
FNDA:0,(anonymous_16)
DA:11,0
DA:12,0
DA:13,0
DA:14,0
DA:15,0
DA:16,0
DA:20,0
DA:22,0
DA:23,0
DA:25,0
DA:26,0
DA:27,0
DA:29,0
DA:30,0
DA:32,0
DA:33,0
DA:35,0
DA:39,0
DA:41,0
DA:42,0
DA:43,0
DA:44,0
DA:45,0
DA:47,0
DA:48,0
DA:49,0
DA:50,0
DA:51,0
DA:53,0
DA:54,0
DA:56,0
DA:57,0
DA:59,0
DA:60,0
DA:61,0
DA:62,0
DA:64,0
DA:68,0
DA:70,0
DA:71,0
DA:72,0
DA:73,0
DA:74,0
DA:76,0
DA:81,0
DA:82,0
DA:84,0
DA:89,0
DA:91,0
DA:92,0
DA:94,0
DA:95,0
DA:96,0
DA:98,0
DA:99,0
DA:103,0
DA:105,0
DA:106,0
DA:109,0
DA:110,0
DA:112,0
DA:113,0
DA:114,0
DA:115,0
DA:116,0
DA:118,0
DA:119,0
DA:120,0
DA:121,0
DA:122,0
DA:124,0
DA:127,0
DA:128,0
DA:130,0
DA:131,0
DA:132,0
DA:133,0
DA:135,0
DA:138,0
DA:139,0
DA:141,0
DA:142,0
DA:143,0
DA:145,0
DA:146,0
DA:147,0
DA:149,0
DA:150,0
DA:151,0
DA:153,0
DA:154,0
DA:155,0
DA:157,0
DA:161,0
DA:163,0
DA:164,0
DA:166,0
DA:167,0
DA:168,0
DA:169,0
DA:171,0
DA:172,0
DA:177,0
DA:179,0
DA:182,0
DA:183,0
DA:186,0
DA:190,0
DA:194,0
DA:198,0
DA:199,0
DA:200,0
DA:201,0
DA:204,0
DA:205,0
DA:206,0
DA:207,0
DA:209,0
DA:210,0
DA:211,0
DA:212,0
DA:215,0
DA:216,0
DA:217,0
DA:218,0
DA:219,0
DA:222,0
DA:223,0
DA:224,0
DA:228,0
DA:229,0
DA:230,0
DA:234,0
DA:238,0
DA:242,0
LF:135
LH:0
BRDA:81,0,0,0
BRDA:81,0,1,0
BRDA:121,1,0,0
BRDA:121,1,1,0
BRF:4
BRH:0
end_of_record
TN:
SF:src\updateTask.js
FN:5,updateTask
FNF:1
FNH:0
FNDA:0,updateTask
DA:7,0
DA:9,0
DA:11,0
LF:3
LH:0
BRF:0
BRH:0
end_of_record
